[message-service] 2022-07-18 01:28:28.165 [main] INFO  c.u.j.c.EnableEncryptablePropertiesBeanFactoryPostProcessor - Post-processing PropertySource instances
[message-service] 2022-07-18 01:28:28.347 [main] INFO  c.u.j.EncryptablePropertySourceConverter - Converting PropertySource configurationProperties [org.springframework.boot.context.properties.source.ConfigurationPropertySourcesPropertySource] to AOP Proxy
[message-service] 2022-07-18 01:28:28.350 [main] INFO  c.u.j.EncryptablePropertySourceConverter - Converting PropertySource bootstrap [org.springframework.core.env.MapPropertySource] to EncryptableMapPropertySourceWrapper
[message-service] 2022-07-18 01:28:28.350 [main] INFO  c.u.j.EncryptablePropertySourceConverter - Converting PropertySource Inlined Test Properties [org.springframework.core.env.MapPropertySource] to EncryptableMapPropertySourceWrapper
[message-service] 2022-07-18 01:28:28.350 [main] INFO  c.u.j.EncryptablePropertySourceConverter - Converting PropertySource systemProperties [org.springframework.core.env.PropertiesPropertySource] to EncryptableMapPropertySourceWrapper
[message-service] 2022-07-18 01:28:28.350 [main] INFO  c.u.j.EncryptablePropertySourceConverter - Converting PropertySource systemEnvironment [org.springframework.boot.env.SystemEnvironmentPropertySourceEnvironmentPostProcessor$OriginAwareSystemEnvironmentPropertySource] to EncryptableSystemEnvironmentPropertySourceWrapper
[message-service] 2022-07-18 01:28:28.351 [main] INFO  c.u.j.EncryptablePropertySourceConverter - Converting PropertySource random [org.springframework.boot.env.RandomValuePropertySource] to EncryptablePropertySourceWrapper
[message-service] 2022-07-18 01:28:28.351 [main] INFO  c.u.j.EncryptablePropertySourceConverter - Converting PropertySource springCloudClientHostInfo [org.springframework.core.env.MapPropertySource] to EncryptableMapPropertySourceWrapper
[message-service] 2022-07-18 01:28:28.484 [main] INFO  c.u.j.filter.DefaultLazyPropertyFilter - Property Filter custom Bean not found with name 'encryptablePropertyFilter'. Initializing Default Property Filter
[message-service] 2022-07-18 01:28:34.060 [main] INFO  n.s.e.m.MessageServiceApplicationTests - The following profiles are active: redis,mail,jdbc,thymeleaf
[message-service] 2022-07-18 01:28:35.894 [main] INFO  o.s.d.r.config.RepositoryConfigurationDelegate - Multiple Spring Data modules found, entering strict repository configuration mode!
[message-service] 2022-07-18 01:28:35.899 [main] INFO  o.s.d.r.config.RepositoryConfigurationDelegate - Bootstrapping Spring Data Redis repositories in DEFAULT mode.
[message-service] 2022-07-18 01:28:35.945 [main] INFO  o.s.d.r.config.RepositoryConfigurationDelegate - Finished Spring Data repository scanning in 18ms. Found 0 Redis repository interfaces.
[message-service] 2022-07-18 01:28:36.479 [main] INFO  o.springframework.cloud.context.scope.GenericScope - BeanFactory id=d38a29aa-72f9-39e1-a1bb-84677efaa6dc
[message-service] 2022-07-18 01:28:36.503 [main] INFO  c.u.j.c.EnableEncryptablePropertiesBeanFactoryPostProcessor - Post-processing PropertySource instances
[message-service] 2022-07-18 01:28:36.504 [main] INFO  c.u.j.EncryptablePropertySourceConverter - Converting PropertySource configurationProperties [org.springframework.boot.context.properties.source.ConfigurationPropertySourcesPropertySource] to AOP Proxy
[message-service] 2022-07-18 01:28:36.504 [main] INFO  c.u.j.EncryptablePropertySourceConverter - Converting PropertySource Inlined Test Properties [org.springframework.core.env.MapPropertySource] to EncryptableMapPropertySourceWrapper
[message-service] 2022-07-18 01:28:36.504 [main] INFO  c.u.j.EncryptablePropertySourceConverter - Converting PropertySource systemProperties [org.springframework.core.env.PropertiesPropertySource] to EncryptableMapPropertySourceWrapper
[message-service] 2022-07-18 01:28:36.504 [main] INFO  c.u.j.EncryptablePropertySourceConverter - Converting PropertySource systemEnvironment [org.springframework.boot.env.SystemEnvironmentPropertySourceEnvironmentPostProcessor$OriginAwareSystemEnvironmentPropertySource] to EncryptableSystemEnvironmentPropertySourceWrapper
[message-service] 2022-07-18 01:28:36.504 [main] INFO  c.u.j.EncryptablePropertySourceConverter - Converting PropertySource random [org.springframework.boot.env.RandomValuePropertySource] to EncryptablePropertySourceWrapper
[message-service] 2022-07-18 01:28:36.504 [main] INFO  c.u.j.EncryptablePropertySourceConverter - Converting PropertySource springCloudClientHostInfo [org.springframework.core.env.MapPropertySource] to EncryptableMapPropertySourceWrapper
[message-service] 2022-07-18 01:28:36.504 [main] INFO  c.u.j.EncryptablePropertySourceConverter - Converting PropertySource applicationConfig: [classpath:/application-thymeleaf.yml] [org.springframework.boot.env.OriginTrackedMapPropertySource] to EncryptableMapPropertySourceWrapper
[message-service] 2022-07-18 01:28:36.505 [main] INFO  c.u.j.EncryptablePropertySourceConverter - Converting PropertySource applicationConfig: [classpath:/application-jdbc.yml] [org.springframework.boot.env.OriginTrackedMapPropertySource] to EncryptableMapPropertySourceWrapper
[message-service] 2022-07-18 01:28:36.505 [main] INFO  c.u.j.EncryptablePropertySourceConverter - Converting PropertySource applicationConfig: [classpath:/application-mail.yml] [org.springframework.boot.env.OriginTrackedMapPropertySource] to EncryptableMapPropertySourceWrapper
[message-service] 2022-07-18 01:28:36.505 [main] INFO  c.u.j.EncryptablePropertySourceConverter - Converting PropertySource applicationConfig: [classpath:/application-redis.yml] [org.springframework.boot.env.OriginTrackedMapPropertySource] to EncryptableMapPropertySourceWrapper
[message-service] 2022-07-18 01:28:36.505 [main] INFO  c.u.j.EncryptablePropertySourceConverter - Converting PropertySource applicationConfig: [classpath:/application.yml] [org.springframework.boot.env.OriginTrackedMapPropertySource] to EncryptableMapPropertySourceWrapper
[message-service] 2022-07-18 01:28:36.505 [main] INFO  c.u.j.EncryptablePropertySourceConverter - Converting PropertySource springCloudDefaultProperties [org.springframework.core.env.MapPropertySource] to EncryptableMapPropertySourceWrapper
[message-service] 2022-07-18 01:28:36.505 [main] INFO  c.u.j.EncryptablePropertySourceConverter - Converting PropertySource cachedrandom [org.springframework.cloud.util.random.CachedRandomPropertySource] to EncryptablePropertySourceWrapper
[message-service] 2022-07-18 01:28:36.665 [main] INFO  c.u.j.filter.DefaultLazyPropertyFilter - Property Filter custom Bean not found with name 'encryptablePropertyFilter'. Initializing Default Property Filter
[message-service] 2022-07-18 01:28:37.579 [main] INFO  c.u.j.resolver.DefaultLazyPropertyResolver - Property Resolver custom Bean not found with name 'encryptablePropertyResolver'. Initializing Default Property Resolver
[message-service] 2022-07-18 01:28:37.583 [main] INFO  c.u.j.detector.DefaultLazyPropertyDetector - Property Detector custom Bean not found with name 'encryptablePropertyDetector'. Initializing Default Property Detector
[message-service] 2022-07-18 01:28:40.049 [main] INFO  com.netflix.config.sources.URLConfigurationSource - URLs to be used as dynamic configuration source: [file:/D:/study/22-summer-internship/codes/edu_soft/message-service/target/classes/config.properties]
[message-service] 2022-07-18 01:28:40.069 [main] INFO  com.netflix.config.sources.URLConfigurationSource - URLs to be used as dynamic configuration source: [file:/D:/study/22-summer-internship/codes/edu_soft/message-service/target/classes/config.properties]
[message-service] 2022-07-18 01:28:41.169 [main] INFO  o.s.scheduling.concurrent.ThreadPoolTaskExecutor - Initializing ExecutorService 'applicationTaskExecutor'
[message-service] 2022-07-18 01:28:42.521 [main] WARN  o.s.b.a.t.ThymeleafAutoConfiguration$DefaultTemplateResolverConfiguration - Cannot find template location: classpath:/templates/ (please add some templates or check your Thymeleaf configuration)
[message-service] 2022-07-18 01:28:47.764 [main] INFO  o.s.scheduling.concurrent.ThreadPoolTaskScheduler - Initializing ExecutorService 'Nacos-Watch-Task-Scheduler'
[message-service] 2022-07-18 01:29:00.577 [main] INFO  n.s.e.m.MessageServiceApplicationTests - Started MessageServiceApplicationTests in 39.001 seconds (JVM running for 41.216)
[message-service] 2022-07-18 01:29:01.053 [Thread-6] WARN  com.alibaba.nacos.common.http.HttpClientBeanHolder - [HttpClientBeanHolder] Start destroying common HttpClient
[message-service] 2022-07-18 01:29:01.025 [Thread-12] WARN  com.alibaba.nacos.common.notify.NotifyCenter - [NotifyCenter] Start destroying Publisher
[message-service] 2022-07-18 01:29:01.060 [Thread-12] WARN  com.alibaba.nacos.common.notify.NotifyCenter - [NotifyCenter] Destruction of the end
[message-service] 2022-07-18 01:29:01.060 [Thread-6] WARN  com.alibaba.nacos.common.http.HttpClientBeanHolder - [HttpClientBeanHolder] Destruction of the end
[message-service] 2022-07-18 01:29:01.061 [SpringContextShutdownHook] INFO  o.s.scheduling.concurrent.ThreadPoolTaskScheduler - Shutting down ExecutorService 'Nacos-Watch-Task-Scheduler'
[message-service] 2022-07-18 01:29:07.779 [SpringContextShutdownHook] INFO  o.s.scheduling.concurrent.ThreadPoolTaskExecutor - Shutting down ExecutorService 'applicationTaskExecutor'
